2016-02-14 14:51:34 Error: [MissingTableException] Table switches for model Switch was not found in datasource default.
Exception Attributes: array (
  'table' => 'switches',
  'class' => 'Switch',
  'ds' => 'default',
)
Request URL: /autoinstall/switchs/index
Stack Trace:
#0 /var/www/autoinstall/lib/Cake/Model/Model.php(3653): Model->setSource('switches')
#1 /var/www/autoinstall/lib/Cake/Model/Model.php(3031): Model->getDataSource()
#2 /var/www/autoinstall/lib/Cake/Model/Model.php(3003): Model->_readDataSource('all', Array)
#3 /var/www/autoinstall/app/Controller/SwitchsController.php(18): Model->find('all')
#4 [internal function]: SwitchsController->index()
#5 /var/www/autoinstall/lib/Cake/Controller/Controller.php(490): ReflectionMethod->invokeArgs(Object(SwitchsController), Array)
#6 /var/www/autoinstall/lib/Cake/Routing/Dispatcher.php(193): Controller->invokeAction(Object(CakeRequest))
#7 /var/www/autoinstall/lib/Cake/Routing/Dispatcher.php(167): Dispatcher->_invoke(Object(SwitchsController), Object(CakeRequest))
#8 /var/www/autoinstall/app/webroot/index.php(111): Dispatcher->dispatch(Object(CakeRequest), Object(CakeResponse))
#9 {main}
2016-02-14 14:52:03 Error: [MissingControllerException] Controller class SwitchController could not be found.
Exception Attributes: array (
  'class' => 'SwitchController',
  'plugin' => NULL,
)
Request URL: /autoinstall/switch/index
Stack Trace:
#0 /var/www/autoinstall/app/webroot/index.php(111): Dispatcher->dispatch(Object(CakeRequest), Object(CakeResponse))
#1 {main}
2016-02-14 14:52:07 Error: [MissingControllerException] Controller class SwitchController could not be found.
Exception Attributes: array (
  'class' => 'SwitchController',
  'plugin' => NULL,
)
Request URL: /autoinstall/switch/toto
Stack Trace:
#0 /var/www/autoinstall/app/webroot/index.php(111): Dispatcher->dispatch(Object(CakeRequest), Object(CakeResponse))
#1 {main}
2016-02-14 14:52:58 Error: [MissingTableException] Table switches for model Switch was not found in datasource default.
Exception Attributes: array (
  'table' => 'switches',
  'class' => 'Switch',
  'ds' => 'default',
)
Request URL: /autoinstall/switchs/index
Stack Trace:
#0 /var/www/autoinstall/lib/Cake/Model/Model.php(3653): Model->setSource('switches')
#1 /var/www/autoinstall/lib/Cake/Model/Model.php(3031): Model->getDataSource()
#2 /var/www/autoinstall/lib/Cake/Model/Model.php(3003): Model->_readDataSource('all', Array)
#3 /var/www/autoinstall/app/Controller/SwitchsController.php(18): Model->find('all')
#4 [internal function]: SwitchsController->index()
#5 /var/www/autoinstall/lib/Cake/Controller/Controller.php(490): ReflectionMethod->invokeArgs(Object(SwitchsController), Array)
#6 /var/www/autoinstall/lib/Cake/Routing/Dispatcher.php(193): Controller->invokeAction(Object(CakeRequest))
#7 /var/www/autoinstall/lib/Cake/Routing/Dispatcher.php(167): Dispatcher->_invoke(Object(SwitchsController), Object(CakeRequest))
#8 /var/www/autoinstall/app/webroot/index.php(111): Dispatcher->dispatch(Object(CakeRequest), Object(CakeResponse))
#9 {main}
2016-02-14 14:53:14 Error: [MissingTableException] Table switches for model Switch was not found in datasource default.
Exception Attributes: array (
  'table' => 'switches',
  'class' => 'Switch',
  'ds' => 'default',
)
Request URL: /autoinstall/switchs/index
Stack Trace:
#0 /var/www/autoinstall/lib/Cake/Model/Model.php(3653): Model->setSource('switches')
#1 /var/www/autoinstall/lib/Cake/Model/Model.php(3031): Model->getDataSource()
#2 /var/www/autoinstall/lib/Cake/Model/Model.php(3003): Model->_readDataSource('all', Array)
#3 /var/www/autoinstall/app/Controller/SwitchsController.php(19): Model->find('all')
#4 [internal function]: SwitchsController->index()
#5 /var/www/autoinstall/lib/Cake/Controller/Controller.php(490): ReflectionMethod->invokeArgs(Object(SwitchsController), Array)
#6 /var/www/autoinstall/lib/Cake/Routing/Dispatcher.php(193): Controller->invokeAction(Object(CakeRequest))
#7 /var/www/autoinstall/lib/Cake/Routing/Dispatcher.php(167): Dispatcher->_invoke(Object(SwitchsController), Object(CakeRequest))
#8 /var/www/autoinstall/app/webroot/index.php(111): Dispatcher->dispatch(Object(CakeRequest), Object(CakeResponse))
#9 {main}
2016-02-14 14:53:20 Error: [MissingTableException] Table switches for model Switch was not found in datasource default.
Exception Attributes: array (
  'table' => 'switches',
  'class' => 'Switch',
  'ds' => 'default',
)
Request URL: /autoinstall/switchs/index
Stack Trace:
#0 /var/www/autoinstall/lib/Cake/Model/Model.php(3653): Model->setSource('switches')
#1 /var/www/autoinstall/lib/Cake/Model/Model.php(3031): Model->getDataSource()
#2 /var/www/autoinstall/lib/Cake/Model/Model.php(3003): Model->_readDataSource('all', Array)
#3 /var/www/autoinstall/app/Controller/SwitchsController.php(19): Model->find('all')
#4 [internal function]: SwitchsController->index()
#5 /var/www/autoinstall/lib/Cake/Controller/Controller.php(490): ReflectionMethod->invokeArgs(Object(SwitchsController), Array)
#6 /var/www/autoinstall/lib/Cake/Routing/Dispatcher.php(193): Controller->invokeAction(Object(CakeRequest))
#7 /var/www/autoinstall/lib/Cake/Routing/Dispatcher.php(167): Dispatcher->_invoke(Object(SwitchsController), Object(CakeRequest))
#8 /var/www/autoinstall/app/webroot/index.php(111): Dispatcher->dispatch(Object(CakeRequest), Object(CakeResponse))
#9 {main}
2016-02-14 14:54:33 Error: [MissingTableException] Table switches for model Switch was not found in datasource default.
Exception Attributes: array (
  'table' => 'switches',
  'class' => 'Switch',
  'ds' => 'default',
)
Request URL: /autoinstall/switchs/index
Stack Trace:
#0 /var/www/autoinstall/lib/Cake/Model/Model.php(3653): Model->setSource('switches')
#1 /var/www/autoinstall/lib/Cake/Model/Model.php(3031): Model->getDataSource()
#2 /var/www/autoinstall/lib/Cake/Model/Model.php(3003): Model->_readDataSource('all', Array)
#3 /var/www/autoinstall/app/Controller/SwitchsController.php(18): Model->find('all')
#4 [internal function]: SwitchsController->index()
#5 /var/www/autoinstall/lib/Cake/Controller/Controller.php(490): ReflectionMethod->invokeArgs(Object(SwitchsController), Array)
#6 /var/www/autoinstall/lib/Cake/Routing/Dispatcher.php(193): Controller->invokeAction(Object(CakeRequest))
#7 /var/www/autoinstall/lib/Cake/Routing/Dispatcher.php(167): Dispatcher->_invoke(Object(SwitchsController), Object(CakeRequest))
#8 /var/www/autoinstall/app/webroot/index.php(111): Dispatcher->dispatch(Object(CakeRequest), Object(CakeResponse))
#9 {main}
2016-02-14 14:54:49 Error: Fatal Error (1): Call to a member function find() on a non-object in [/var/www/autoinstall/app/Controller/SwitchsController.php, line 18]
2016-02-14 14:54:49 Error: [FatalErrorException] Call to a member function find() on a non-object
Request URL: /autoinstall/switchs/index
Stack Trace:
#0 /var/www/autoinstall/lib/Cake/Error/ErrorHandler.php(213): ErrorHandler::handleFatalError(1, 'Call to a membe...', '/var/www/autoin...', 18)
#1 [internal function]: ErrorHandler::handleError(1, 'Call to a membe...', '/var/www/autoin...', 18, Array)
#2 /var/www/autoinstall/lib/Cake/Core/App.php(933): call_user_func('ErrorHandler::h...', 1, 'Call to a membe...', '/var/www/autoin...', 18, Array)
#3 /var/www/autoinstall/lib/Cake/Core/App.php(906): App::_checkFatalError()
#4 [internal function]: App::shutdown()
#5 {main}
2016-02-14 14:54:53 Error: [MissingTableException] Table switches for model Switch was not found in datasource default.
Exception Attributes: array (
  'table' => 'switches',
  'class' => 'Switch',
  'ds' => 'default',
)
Request URL: /autoinstall/switchs/index
Stack Trace:
#0 /var/www/autoinstall/lib/Cake/Model/Model.php(3653): Model->setSource('switches')
#1 /var/www/autoinstall/lib/Cake/Model/Model.php(3031): Model->getDataSource()
#2 /var/www/autoinstall/lib/Cake/Model/Model.php(3003): Model->_readDataSource('all', Array)
#3 /var/www/autoinstall/app/Controller/SwitchsController.php(18): Model->find('all')
#4 [internal function]: SwitchsController->index()
#5 /var/www/autoinstall/lib/Cake/Controller/Controller.php(490): ReflectionMethod->invokeArgs(Object(SwitchsController), Array)
#6 /var/www/autoinstall/lib/Cake/Routing/Dispatcher.php(193): Controller->invokeAction(Object(CakeRequest))
#7 /var/www/autoinstall/lib/Cake/Routing/Dispatcher.php(167): Dispatcher->_invoke(Object(SwitchsController), Object(CakeRequest))
#8 /var/www/autoinstall/app/webroot/index.php(111): Dispatcher->dispatch(Object(CakeRequest), Object(CakeResponse))
#9 {main}
2016-02-14 14:55:03 Error: Fatal Error (1): Call to a member function find() on a non-object in [/var/www/autoinstall/app/Controller/SwitchsController.php, line 18]
2016-02-14 14:55:03 Error: [FatalErrorException] Call to a member function find() on a non-object
Request URL: /autoinstall/switchs/index
Stack Trace:
#0 /var/www/autoinstall/lib/Cake/Error/ErrorHandler.php(213): ErrorHandler::handleFatalError(1, 'Call to a membe...', '/var/www/autoin...', 18)
#1 [internal function]: ErrorHandler::handleError(1, 'Call to a membe...', '/var/www/autoin...', 18, Array)
#2 /var/www/autoinstall/lib/Cake/Core/App.php(933): call_user_func('ErrorHandler::h...', 1, 'Call to a membe...', '/var/www/autoin...', 18, Array)
#3 /var/www/autoinstall/lib/Cake/Core/App.php(906): App::_checkFatalError()
#4 [internal function]: App::shutdown()
#5 {main}
2016-02-14 14:55:34 Error: Fatal Error (1): Call to a member function find() on a non-object in [/var/www/autoinstall/app/Controller/SwitchsController.php, line 18]
2016-02-14 14:55:34 Error: [FatalErrorException] Call to a member function find() on a non-object
Request URL: /autoinstall/switchs/index
Stack Trace:
#0 /var/www/autoinstall/lib/Cake/Error/ErrorHandler.php(213): ErrorHandler::handleFatalError(1, 'Call to a membe...', '/var/www/autoin...', 18)
#1 [internal function]: ErrorHandler::handleError(1, 'Call to a membe...', '/var/www/autoin...', 18, Array)
#2 /var/www/autoinstall/lib/Cake/Core/App.php(933): call_user_func('ErrorHandler::h...', 1, 'Call to a membe...', '/var/www/autoin...', 18, Array)
#3 /var/www/autoinstall/lib/Cake/Core/App.php(906): App::_checkFatalError()
#4 [internal function]: App::shutdown()
#5 {main}
2016-02-14 14:55:45 Error: [MissingTableException] Table switches for model Switch was not found in datasource default.
Exception Attributes: array (
  'table' => 'switches',
  'class' => 'Switch',
  'ds' => 'default',
)
Request URL: /autoinstall/switchs/index
Stack Trace:
#0 /var/www/autoinstall/lib/Cake/Model/Model.php(3653): Model->setSource('switches')
#1 /var/www/autoinstall/lib/Cake/Model/Model.php(3031): Model->getDataSource()
#2 /var/www/autoinstall/lib/Cake/Model/Model.php(3003): Model->_readDataSource('all', Array)
#3 /var/www/autoinstall/app/Controller/SwitchsController.php(18): Model->find('all')
#4 [internal function]: SwitchsController->index()
#5 /var/www/autoinstall/lib/Cake/Controller/Controller.php(490): ReflectionMethod->invokeArgs(Object(SwitchsController), Array)
#6 /var/www/autoinstall/lib/Cake/Routing/Dispatcher.php(193): Controller->invokeAction(Object(CakeRequest))
#7 /var/www/autoinstall/lib/Cake/Routing/Dispatcher.php(167): Dispatcher->_invoke(Object(SwitchsController), Object(CakeRequest))
#8 /var/www/autoinstall/app/webroot/index.php(111): Dispatcher->dispatch(Object(CakeRequest), Object(CakeResponse))
#9 {main}
2016-02-14 14:55:53 Error: [MissingTableException] Table switches for model Switch was not found in datasource default.
Exception Attributes: array (
  'table' => 'switches',
  'class' => 'Switch',
  'ds' => 'default',
)
Request URL: /autoinstall/switchs/index
Stack Trace:
#0 /var/www/autoinstall/lib/Cake/Model/Model.php(3653): Model->setSource('switches')
#1 /var/www/autoinstall/lib/Cake/Model/Model.php(3031): Model->getDataSource()
#2 /var/www/autoinstall/lib/Cake/Model/Model.php(3003): Model->_readDataSource('all', Array)
#3 /var/www/autoinstall/app/Controller/SwitchsController.php(18): Model->find('all')
#4 [internal function]: SwitchsController->index()
#5 /var/www/autoinstall/lib/Cake/Controller/Controller.php(490): ReflectionMethod->invokeArgs(Object(SwitchsController), Array)
#6 /var/www/autoinstall/lib/Cake/Routing/Dispatcher.php(193): Controller->invokeAction(Object(CakeRequest))
#7 /var/www/autoinstall/lib/Cake/Routing/Dispatcher.php(167): Dispatcher->_invoke(Object(SwitchsController), Object(CakeRequest))
#8 /var/www/autoinstall/app/webroot/index.php(111): Dispatcher->dispatch(Object(CakeRequest), Object(CakeResponse))
#9 {main}
2016-02-14 14:56:04 Error: [MissingTableException] Table switches for model Switch was not found in datasource default.
Exception Attributes: array (
  'table' => 'switches',
  'class' => 'Switch',
  'ds' => 'default',
)
Request URL: /autoinstall/switchs/index
Stack Trace:
#0 /var/www/autoinstall/lib/Cake/Model/Model.php(3653): Model->setSource('switches')
#1 /var/www/autoinstall/lib/Cake/Model/Model.php(3031): Model->getDataSource()
#2 /var/www/autoinstall/lib/Cake/Model/Model.php(3003): Model->_readDataSource('all', Array)
#3 /var/www/autoinstall/app/Controller/SwitchsController.php(18): Model->find('all')
#4 [internal function]: SwitchsController->index()
#5 /var/www/autoinstall/lib/Cake/Controller/Controller.php(490): ReflectionMethod->invokeArgs(Object(SwitchsController), Array)
#6 /var/www/autoinstall/lib/Cake/Routing/Dispatcher.php(193): Controller->invokeAction(Object(CakeRequest))
#7 /var/www/autoinstall/lib/Cake/Routing/Dispatcher.php(167): Dispatcher->_invoke(Object(SwitchsController), Object(CakeRequest))
#8 /var/www/autoinstall/app/webroot/index.php(111): Dispatcher->dispatch(Object(CakeRequest), Object(CakeResponse))
#9 {main}
2016-02-14 14:56:06 Error: [MissingTableException] Table switches for model Switch was not found in datasource default.
Exception Attributes: array (
  'table' => 'switches',
  'class' => 'Switch',
  'ds' => 'default',
)
Request URL: /autoinstall/switchs/index
Stack Trace:
#0 /var/www/autoinstall/lib/Cake/Model/Model.php(3653): Model->setSource('switches')
#1 /var/www/autoinstall/lib/Cake/Model/Model.php(3031): Model->getDataSource()
#2 /var/www/autoinstall/lib/Cake/Model/Model.php(3003): Model->_readDataSource('all', Array)
#3 /var/www/autoinstall/app/Controller/SwitchsController.php(18): Model->find('all')
#4 [internal function]: SwitchsController->index()
#5 /var/www/autoinstall/lib/Cake/Controller/Controller.php(490): ReflectionMethod->invokeArgs(Object(SwitchsController), Array)
#6 /var/www/autoinstall/lib/Cake/Routing/Dispatcher.php(193): Controller->invokeAction(Object(CakeRequest))
#7 /var/www/autoinstall/lib/Cake/Routing/Dispatcher.php(167): Dispatcher->_invoke(Object(SwitchsController), Object(CakeRequest))
#8 /var/www/autoinstall/app/webroot/index.php(111): Dispatcher->dispatch(Object(CakeRequest), Object(CakeResponse))
#9 {main}
2016-02-14 14:57:00 Error: [MissingTableException] Table switches for model Switch was not found in datasource default.
Exception Attributes: array (
  'table' => 'switches',
  'class' => 'Switch',
  'ds' => 'default',
)
Request URL: /autoinstall/switchs/index
Stack Trace:
#0 /var/www/autoinstall/lib/Cake/Model/Model.php(3653): Model->setSource('switches')
#1 /var/www/autoinstall/lib/Cake/Model/Model.php(3031): Model->getDataSource()
#2 /var/www/autoinstall/lib/Cake/Model/Model.php(3003): Model->_readDataSource('all', Array)
#3 /var/www/autoinstall/app/Controller/SwitchsController.php(18): Model->find('all')
#4 [internal function]: SwitchsController->index()
#5 /var/www/autoinstall/lib/Cake/Controller/Controller.php(490): ReflectionMethod->invokeArgs(Object(SwitchsController), Array)
#6 /var/www/autoinstall/lib/Cake/Routing/Dispatcher.php(193): Controller->invokeAction(Object(CakeRequest))
#7 /var/www/autoinstall/lib/Cake/Routing/Dispatcher.php(167): Dispatcher->_invoke(Object(SwitchsController), Object(CakeRequest))
#8 /var/www/autoinstall/app/webroot/index.php(111): Dispatcher->dispatch(Object(CakeRequest), Object(CakeResponse))
#9 {main}
2016-02-14 14:57:44 Error: [MissingTableException] Table switches for model Switch was not found in datasource default.
Exception Attributes: array (
  'table' => 'switches',
  'class' => 'Switch',
  'ds' => 'default',
)
Request URL: /autoinstall/switchs/index
Stack Trace:
#0 /var/www/autoinstall/lib/Cake/Model/Model.php(3653): Model->setSource('switches')
#1 /var/www/autoinstall/lib/Cake/Model/Model.php(3031): Model->getDataSource()
#2 /var/www/autoinstall/lib/Cake/Model/Model.php(3003): Model->_readDataSource('all', Array)
#3 /var/www/autoinstall/app/Controller/SwitchsController.php(18): Model->find('all')
#4 [internal function]: SwitchsController->index()
#5 /var/www/autoinstall/lib/Cake/Controller/Controller.php(490): ReflectionMethod->invokeArgs(Object(SwitchsController), Array)
#6 /var/www/autoinstall/lib/Cake/Routing/Dispatcher.php(193): Controller->invokeAction(Object(CakeRequest))
#7 /var/www/autoinstall/lib/Cake/Routing/Dispatcher.php(167): Dispatcher->_invoke(Object(SwitchsController), Object(CakeRequest))
#8 /var/www/autoinstall/app/webroot/index.php(111): Dispatcher->dispatch(Object(CakeRequest), Object(CakeResponse))
#9 {main}
2016-02-14 14:58:09 Error: [MissingControllerException] Controller class SwitchController could not be found.
Exception Attributes: array (
  'class' => 'SwitchController',
  'plugin' => NULL,
)
Request URL: /autoinstall/switch/toto
Stack Trace:
#0 /var/www/autoinstall/app/webroot/index.php(111): Dispatcher->dispatch(Object(CakeRequest), Object(CakeResponse))
#1 {main}
2016-02-14 14:58:27 Error: [MissingControllerException] Controller class SwitchController could not be found.
Exception Attributes: array (
  'class' => 'SwitchController',
  'plugin' => NULL,
)
Request URL: /autoinstall/switch/toto
Stack Trace:
#0 /var/www/autoinstall/app/webroot/index.php(111): Dispatcher->dispatch(Object(CakeRequest), Object(CakeResponse))
#1 {main}
2016-02-14 14:58:34 Error: [MissingActionException] Action SwitchsController::toto() could not be found.
Exception Attributes: array (
  'controller' => 'SwitchsController',
  'action' => 'toto',
)
Request URL: /autoinstall/switchs/toto
Stack Trace:
#0 /var/www/autoinstall/lib/Cake/Routing/Dispatcher.php(193): Controller->invokeAction(Object(CakeRequest))
#1 /var/www/autoinstall/lib/Cake/Routing/Dispatcher.php(167): Dispatcher->_invoke(Object(SwitchsController), Object(CakeRequest))
#2 /var/www/autoinstall/app/webroot/index.php(111): Dispatcher->dispatch(Object(CakeRequest), Object(CakeResponse))
#3 {main}
2016-02-14 14:58:39 Error: [MissingTableException] Table switches for model Switch was not found in datasource default.
Exception Attributes: array (
  'table' => 'switches',
  'class' => 'Switch',
  'ds' => 'default',
)
Request URL: /autoinstall/switchs/index
Stack Trace:
#0 /var/www/autoinstall/lib/Cake/Model/Model.php(3653): Model->setSource('switches')
#1 /var/www/autoinstall/lib/Cake/Model/Model.php(3031): Model->getDataSource()
#2 /var/www/autoinstall/lib/Cake/Model/Model.php(3003): Model->_readDataSource('all', Array)
#3 /var/www/autoinstall/app/Controller/SwitchsController.php(18): Model->find('all')
#4 [internal function]: SwitchsController->index()
#5 /var/www/autoinstall/lib/Cake/Controller/Controller.php(490): ReflectionMethod->invokeArgs(Object(SwitchsController), Array)
#6 /var/www/autoinstall/lib/Cake/Routing/Dispatcher.php(193): Controller->invokeAction(Object(CakeRequest))
#7 /var/www/autoinstall/lib/Cake/Routing/Dispatcher.php(167): Dispatcher->_invoke(Object(SwitchsController), Object(CakeRequest))
#8 /var/www/autoinstall/app/webroot/index.php(111): Dispatcher->dispatch(Object(CakeRequest), Object(CakeResponse))
#9 {main}
2016-02-14 14:59:35 Error: [MissingViewException] View file "Switchs/index.ctp" is missing.
Exception Attributes: array (
  'file' => 'Switchs/index.ctp',
)
Request URL: /autoinstall/switchs/index
Stack Trace:
#0 /var/www/autoinstall/lib/Cake/View/View.php(470): View->_getViewFileName(NULL)
#1 /var/www/autoinstall/lib/Cake/Controller/Controller.php(960): View->render(NULL, NULL)
#2 /var/www/autoinstall/lib/Cake/Routing/Dispatcher.php(200): Controller->render()
#3 /var/www/autoinstall/lib/Cake/Routing/Dispatcher.php(167): Dispatcher->_invoke(Object(SwitchsController), Object(CakeRequest))
#4 /var/www/autoinstall/app/webroot/index.php(111): Dispatcher->dispatch(Object(CakeRequest), Object(CakeResponse))
#5 {main}
2016-02-14 15:00:08 Error: [MissingViewException] View file "Switchs/index.ctp" is missing.
Exception Attributes: array (
  'file' => 'Switchs/index.ctp',
)
Request URL: /autoinstall/switchs/index
Stack Trace:
#0 /var/www/autoinstall/lib/Cake/View/View.php(470): View->_getViewFileName(NULL)
#1 /var/www/autoinstall/lib/Cake/Controller/Controller.php(960): View->render(NULL, NULL)
#2 /var/www/autoinstall/lib/Cake/Routing/Dispatcher.php(200): Controller->render()
#3 /var/www/autoinstall/lib/Cake/Routing/Dispatcher.php(167): Dispatcher->_invoke(Object(SwitchsController), Object(CakeRequest))
#4 /var/www/autoinstall/app/webroot/index.php(111): Dispatcher->dispatch(Object(CakeRequest), Object(CakeResponse))
#5 {main}
2016-02-14 15:00:22 Error: [MissingControllerException] Controller class SwitchsController could not be found.
Exception Attributes: array (
  'class' => 'SwitchsController',
  'plugin' => NULL,
)
Request URL: /autoinstall/switchs/index
Stack Trace:
#0 /var/www/autoinstall/app/webroot/index.php(111): Dispatcher->dispatch(Object(CakeRequest), Object(CakeResponse))
#1 {main}
2016-02-14 15:00:27 Error: [MissingViewException] View file "Switches/index.ctp" is missing.
Exception Attributes: array (
  'file' => 'Switches/index.ctp',
)
Request URL: /autoinstall/switches/index
Stack Trace:
#0 /var/www/autoinstall/lib/Cake/View/View.php(470): View->_getViewFileName(NULL)
#1 /var/www/autoinstall/lib/Cake/Controller/Controller.php(960): View->render(NULL, NULL)
#2 /var/www/autoinstall/lib/Cake/Routing/Dispatcher.php(200): Controller->render()
#3 /var/www/autoinstall/lib/Cake/Routing/Dispatcher.php(167): Dispatcher->_invoke(Object(SwitchesController), Object(CakeRequest))
#4 /var/www/autoinstall/app/webroot/index.php(111): Dispatcher->dispatch(Object(CakeRequest), Object(CakeResponse))
#5 {main}
2016-02-14 15:00:47 Error: [MissingViewException] View file "Switches/index.ctp" is missing.
Exception Attributes: array (
  'file' => 'Switches/index.ctp',
)
Request URL: /autoinstall/switches/index
Stack Trace:
#0 /var/www/autoinstall/lib/Cake/View/View.php(470): View->_getViewFileName(NULL)
#1 /var/www/autoinstall/lib/Cake/Controller/Controller.php(960): View->render(NULL, NULL)
#2 /var/www/autoinstall/lib/Cake/Routing/Dispatcher.php(200): Controller->render()
#3 /var/www/autoinstall/lib/Cake/Routing/Dispatcher.php(167): Dispatcher->_invoke(Object(SwitchesController), Object(CakeRequest))
#4 /var/www/autoinstall/app/webroot/index.php(111): Dispatcher->dispatch(Object(CakeRequest), Object(CakeResponse))
#5 {main}
2016-02-14 15:14:21 Error: [NotFoundException] Invalid switch
Request URL: /autoinstall/switches/view/20
Stack Trace:
#0 [internal function]: SwitchesController->view('20')
#1 /var/www/autoinstall/lib/Cake/Controller/Controller.php(490): ReflectionMethod->invokeArgs(Object(SwitchesController), Array)
#2 /var/www/autoinstall/lib/Cake/Routing/Dispatcher.php(193): Controller->invokeAction(Object(CakeRequest))
#3 /var/www/autoinstall/lib/Cake/Routing/Dispatcher.php(167): Dispatcher->_invoke(Object(SwitchesController), Object(CakeRequest))
#4 /var/www/autoinstall/app/webroot/index.php(111): Dispatcher->dispatch(Object(CakeRequest), Object(CakeResponse))
#5 {main}
2016-02-14 15:15:47 Error: [NotFoundException] Invalid switch
Request URL: /autoinstall/switches/view/20
Stack Trace:
#0 [internal function]: SwitchesController->view('20')
#1 /var/www/autoinstall/lib/Cake/Controller/Controller.php(490): ReflectionMethod->invokeArgs(Object(SwitchesController), Array)
#2 /var/www/autoinstall/lib/Cake/Routing/Dispatcher.php(193): Controller->invokeAction(Object(CakeRequest))
#3 /var/www/autoinstall/lib/Cake/Routing/Dispatcher.php(167): Dispatcher->_invoke(Object(SwitchesController), Object(CakeRequest))
#4 /var/www/autoinstall/app/webroot/index.php(111): Dispatcher->dispatch(Object(CakeRequest), Object(CakeResponse))
#5 {main}
2016-02-14 15:16:19 Error: [NotFoundException] Invalid switch
Request URL: /autoinstall/switches/view/20
Stack Trace:
#0 [internal function]: SwitchesController->view('20')
#1 /var/www/autoinstall/lib/Cake/Controller/Controller.php(490): ReflectionMethod->invokeArgs(Object(SwitchesController), Array)
#2 /var/www/autoinstall/lib/Cake/Routing/Dispatcher.php(193): Controller->invokeAction(Object(CakeRequest))
#3 /var/www/autoinstall/lib/Cake/Routing/Dispatcher.php(167): Dispatcher->_invoke(Object(SwitchesController), Object(CakeRequest))
#4 /var/www/autoinstall/app/webroot/index.php(111): Dispatcher->dispatch(Object(CakeRequest), Object(CakeResponse))
#5 {main}
2016-02-14 15:23:38 Error: [MissingViewException] View file "Switches/add.ctp" is missing.
Exception Attributes: array (
  'file' => 'Switches/add.ctp',
)
Request URL: /autoinstall/switches/add
Stack Trace:
#0 /var/www/autoinstall/lib/Cake/View/View.php(470): View->_getViewFileName(NULL)
#1 /var/www/autoinstall/lib/Cake/Controller/Controller.php(960): View->render(NULL, NULL)
#2 /var/www/autoinstall/lib/Cake/Routing/Dispatcher.php(200): Controller->render()
#3 /var/www/autoinstall/lib/Cake/Routing/Dispatcher.php(167): Dispatcher->_invoke(Object(SwitchesController), Object(CakeRequest))
#4 /var/www/autoinstall/app/webroot/index.php(111): Dispatcher->dispatch(Object(CakeRequest), Object(CakeResponse))
#5 {main}
2016-02-14 15:23:52 Error: [MissingViewException] View file "Switches/add.ctp" is missing.
Exception Attributes: array (
  'file' => 'Switches/add.ctp',
)
Request URL: /autoinstall/switches/add
Stack Trace:
#0 /var/www/autoinstall/lib/Cake/View/View.php(470): View->_getViewFileName(NULL)
#1 /var/www/autoinstall/lib/Cake/Controller/Controller.php(960): View->render(NULL, NULL)
#2 /var/www/autoinstall/lib/Cake/Routing/Dispatcher.php(200): Controller->render()
#3 /var/www/autoinstall/lib/Cake/Routing/Dispatcher.php(167): Dispatcher->_invoke(Object(SwitchesController), Object(CakeRequest))
#4 /var/www/autoinstall/app/webroot/index.php(111): Dispatcher->dispatch(Object(CakeRequest), Object(CakeResponse))
#5 {main}
2016-02-14 15:24:03 Error: [MissingViewException] View file "Switches/add.ctp" is missing.
Exception Attributes: array (
  'file' => 'Switches/add.ctp',
)
Request URL: /autoinstall/switches/add
Stack Trace:
#0 /var/www/autoinstall/lib/Cake/View/View.php(470): View->_getViewFileName(NULL)
#1 /var/www/autoinstall/lib/Cake/Controller/Controller.php(960): View->render(NULL, NULL)
#2 /var/www/autoinstall/lib/Cake/Routing/Dispatcher.php(200): Controller->render()
#3 /var/www/autoinstall/lib/Cake/Routing/Dispatcher.php(167): Dispatcher->_invoke(Object(SwitchesController), Object(CakeRequest))
#4 /var/www/autoinstall/app/webroot/index.php(111): Dispatcher->dispatch(Object(CakeRequest), Object(CakeResponse))
#5 {main}
2016-02-14 15:24:08 Error: [MissingViewException] View file "Switches/add.ctp" is missing.
Exception Attributes: array (
  'file' => 'Switches/add.ctp',
)
Request URL: /autoinstall/switches/add
Stack Trace:
#0 /var/www/autoinstall/lib/Cake/View/View.php(470): View->_getViewFileName(NULL)
#1 /var/www/autoinstall/lib/Cake/Controller/Controller.php(960): View->render(NULL, NULL)
#2 /var/www/autoinstall/lib/Cake/Routing/Dispatcher.php(200): Controller->render()
#3 /var/www/autoinstall/lib/Cake/Routing/Dispatcher.php(167): Dispatcher->_invoke(Object(SwitchesController), Object(CakeRequest))
#4 /var/www/autoinstall/app/webroot/index.php(111): Dispatcher->dispatch(Object(CakeRequest), Object(CakeResponse))
#5 {main}
2016-02-14 15:24:16 Error: [MissingViewException] View file "Switches/add.ctp" is missing.
Exception Attributes: array (
  'file' => 'Switches/add.ctp',
)
Request URL: /autoinstall/switches/add
Stack Trace:
#0 /var/www/autoinstall/lib/Cake/View/View.php(470): View->_getViewFileName(NULL)
#1 /var/www/autoinstall/lib/Cake/Controller/Controller.php(960): View->render(NULL, NULL)
#2 /var/www/autoinstall/lib/Cake/Routing/Dispatcher.php(200): Controller->render()
#3 /var/www/autoinstall/lib/Cake/Routing/Dispatcher.php(167): Dispatcher->_invoke(Object(SwitchesController), Object(CakeRequest))
#4 /var/www/autoinstall/app/webroot/index.php(111): Dispatcher->dispatch(Object(CakeRequest), Object(CakeResponse))
#5 {main}
2016-02-14 15:25:35 Error: [MissingViewException] View file "Switches/add.ctp" is missing.
Exception Attributes: array (
  'file' => 'Switches/add.ctp',
)
Request URL: /autoinstall/switches/add
Stack Trace:
#0 /var/www/autoinstall/lib/Cake/View/View.php(470): View->_getViewFileName(NULL)
#1 /var/www/autoinstall/lib/Cake/Controller/Controller.php(960): View->render(NULL, NULL)
#2 /var/www/autoinstall/lib/Cake/Routing/Dispatcher.php(200): Controller->render()
#3 /var/www/autoinstall/lib/Cake/Routing/Dispatcher.php(167): Dispatcher->_invoke(Object(SwitchesController), Object(CakeRequest))
#4 /var/www/autoinstall/app/webroot/index.php(111): Dispatcher->dispatch(Object(CakeRequest), Object(CakeResponse))
#5 {main}
2016-02-14 15:25:52 Error: [MissingViewException] View file "Switches/add.ctp" is missing.
Exception Attributes: array (
  'file' => 'Switches/add.ctp',
)
Request URL: /autoinstall/switches/add
Stack Trace:
#0 /var/www/autoinstall/lib/Cake/View/View.php(470): View->_getViewFileName(NULL)
#1 /var/www/autoinstall/lib/Cake/Controller/Controller.php(960): View->render(NULL, NULL)
#2 /var/www/autoinstall/lib/Cake/Routing/Dispatcher.php(200): Controller->render()
#3 /var/www/autoinstall/lib/Cake/Routing/Dispatcher.php(167): Dispatcher->_invoke(Object(SwitchesController), Object(CakeRequest))
#4 /var/www/autoinstall/app/webroot/index.php(111): Dispatcher->dispatch(Object(CakeRequest), Object(CakeResponse))
#5 {main}
2016-02-14 15:38:25 Error: [MissingViewException] View file "Switches/edit.ctp" is missing.
Exception Attributes: array (
  'file' => 'Switches/edit.ctp',
)
Request URL: /autoinstall/switches/edit/5
Stack Trace:
#0 /var/www/autoinstall/lib/Cake/View/View.php(470): View->_getViewFileName(NULL)
#1 /var/www/autoinstall/lib/Cake/Controller/Controller.php(960): View->render(NULL, NULL)
#2 /var/www/autoinstall/lib/Cake/Routing/Dispatcher.php(200): Controller->render()
#3 /var/www/autoinstall/lib/Cake/Routing/Dispatcher.php(167): Dispatcher->_invoke(Object(SwitchesController), Object(CakeRequest))
#4 /var/www/autoinstall/app/webroot/index.php(111): Dispatcher->dispatch(Object(CakeRequest), Object(CakeResponse))
#5 {main}
2016-02-14 15:38:48 Error: Fatal Error (1): Call to a member function save() on a non-object in [/var/www/autoinstall/app/Controller/SwitchesController.php, line 60]
2016-02-14 15:38:48 Error: [FatalErrorException] Call to a member function save() on a non-object
Request URL: /autoinstall/switches/edit/5
Stack Trace:
#0 /var/www/autoinstall/lib/Cake/Error/ErrorHandler.php(213): ErrorHandler::handleFatalError(1, 'Call to a membe...', '/var/www/autoin...', 60)
#1 [internal function]: ErrorHandler::handleError(1, 'Call to a membe...', '/var/www/autoin...', 60, Array)
#2 /var/www/autoinstall/lib/Cake/Core/App.php(933): call_user_func('ErrorHandler::h...', 1, 'Call to a membe...', '/var/www/autoin...', 60, Array)
#3 /var/www/autoinstall/lib/Cake/Core/App.php(906): App::_checkFatalError()
#4 [internal function]: App::shutdown()
#5 {main}
2016-02-14 15:54:01 Error: [MissingActionException] Action SwitchesController::delete() could not be found.
Exception Attributes: array (
  'controller' => 'SwitchesController',
  'action' => 'delete',
)
Request URL: /autoinstall/switches/delete/5
Stack Trace:
#0 /var/www/autoinstall/lib/Cake/Routing/Dispatcher.php(193): Controller->invokeAction(Object(CakeRequest))
#1 /var/www/autoinstall/lib/Cake/Routing/Dispatcher.php(167): Dispatcher->_invoke(Object(SwitchesController), Object(CakeRequest))
#2 /var/www/autoinstall/app/webroot/index.php(111): Dispatcher->dispatch(Object(CakeRequest), Object(CakeResponse))
#3 {main}
2016-02-14 16:11:18 Error: [MissingControllerException] Controller class ImportController could not be found.
Exception Attributes: array (
  'class' => 'ImportController',
  'plugin' => NULL,
)
Request URL: /autoinstall/import
Stack Trace:
#0 /var/www/autoinstall/app/webroot/index.php(111): Dispatcher->dispatch(Object(CakeRequest), Object(CakeResponse))
#1 {main}
2016-02-14 16:11:24 Error: [MissingViewException] View file "Switches/import.ctp" is missing.
Exception Attributes: array (
  'file' => 'Switches/import.ctp',
)
Request URL: /autoinstall/switches/import
Stack Trace:
#0 /var/www/autoinstall/lib/Cake/View/View.php(470): View->_getViewFileName(NULL)
#1 /var/www/autoinstall/lib/Cake/Controller/Controller.php(960): View->render(NULL, NULL)
#2 /var/www/autoinstall/lib/Cake/Routing/Dispatcher.php(200): Controller->render()
#3 /var/www/autoinstall/lib/Cake/Routing/Dispatcher.php(167): Dispatcher->_invoke(Object(SwitchesController), Object(CakeRequest))
#4 /var/www/autoinstall/app/webroot/index.php(111): Dispatcher->dispatch(Object(CakeRequest), Object(CakeResponse))
#5 {main}
2016-02-14 16:19:44 Error: Fatal Error (4): syntax error, unexpected 'debug' (T_STRING) in [/var/www/autoinstall/app/Controller/SwitchesController.php, line 93]
2016-02-14 16:19:44 Error: [FatalErrorException] syntax error, unexpected 'debug' (T_STRING)
Request URL: /autoinstall/switches/import
Stack Trace:
#0 /var/www/autoinstall/lib/Cake/Error/ErrorHandler.php(213): ErrorHandler::handleFatalError(4, 'syntax error, u...', '/var/www/autoin...', 93)
#1 [internal function]: ErrorHandler::handleError(4, 'syntax error, u...', '/var/www/autoin...', 93, Array)
#2 /var/www/autoinstall/lib/Cake/Core/App.php(933): call_user_func('ErrorHandler::h...', 4, 'syntax error, u...', '/var/www/autoin...', 93, Array)
#3 /var/www/autoinstall/lib/Cake/Core/App.php(906): App::_checkFatalError()
#4 [internal function]: App::shutdown()
#5 {main}
2016-02-14 16:39:13 Error: Fatal Error (4): syntax error, unexpected 'Switch' (T_SWITCH), expecting identifier (T_STRING) in [/var/www/autoinstall/app/Model/Switch.php, line 15]
2016-02-14 16:39:13 Error: [FatalErrorException] syntax error, unexpected 'Switch' (T_SWITCH), expecting identifier (T_STRING)
Request URL: /autoinstall/
Stack Trace:
#0 /var/www/autoinstall/lib/Cake/Error/ErrorHandler.php(213): ErrorHandler::handleFatalError(4, 'syntax error, u...', '/var/www/autoin...', 15)
#1 [internal function]: ErrorHandler::handleError(4, 'syntax error, u...', '/var/www/autoin...', 15, Array)
#2 /var/www/autoinstall/lib/Cake/Core/App.php(933): call_user_func('ErrorHandler::h...', 4, 'syntax error, u...', '/var/www/autoin...', 15, Array)
#3 /var/www/autoinstall/lib/Cake/Core/App.php(906): App::_checkFatalError()
#4 [internal function]: App::shutdown()
#5 {main}
2016-02-14 16:40:37 Error: [MissingControllerException] Controller class SwitchesController could not be found.
Exception Attributes: array (
  'class' => 'SwitchesController',
  'plugin' => NULL,
)
Request URL: /autoinstall/
Stack Trace:
#0 /var/www/autoinstall/app/webroot/index.php(111): Dispatcher->dispatch(Object(CakeRequest), Object(CakeResponse))
#1 {main}
2016-02-14 16:41:04 Error: [MissingControllerException] Controller class SwitchesController could not be found.
Exception Attributes: array (
  'class' => 'SwitchesController',
  'plugin' => NULL,
)
Request URL: /autoinstall/
Stack Trace:
#0 /var/www/autoinstall/app/webroot/index.php(111): Dispatcher->dispatch(Object(CakeRequest), Object(CakeResponse))
#1 {main}
2016-02-14 16:41:16 Error: [MissingControllerException] Controller class SwitchesController could not be found.
Exception Attributes: array (
  'class' => 'SwitchesController',
  'plugin' => NULL,
)
Request URL: /autoinstall/
Stack Trace:
#0 /var/www/autoinstall/app/webroot/index.php(111): Dispatcher->dispatch(Object(CakeRequest), Object(CakeResponse))
#1 {main}
2016-02-14 16:41:25 Error: [MissingTableException] Table equipements for model Equipement was not found in datasource default.
Exception Attributes: array (
  'table' => 'equipements',
  'class' => 'Equipement',
  'ds' => 'default',
)
Request URL: /autoinstall/
Stack Trace:
#0 /var/www/autoinstall/lib/Cake/Model/Model.php(3653): Model->setSource('equipements')
#1 /var/www/autoinstall/lib/Cake/Model/Model.php(3031): Model->getDataSource()
#2 /var/www/autoinstall/lib/Cake/Model/Model.php(3003): Model->_readDataSource('all', Array)
#3 /var/www/autoinstall/app/Controller/EquipementsController.php(21): Model->find('all')
#4 [internal function]: EquipementsController->index()
#5 /var/www/autoinstall/lib/Cake/Controller/Controller.php(490): ReflectionMethod->invokeArgs(Object(EquipementsController), Array)
#6 /var/www/autoinstall/lib/Cake/Routing/Dispatcher.php(193): Controller->invokeAction(Object(CakeRequest))
#7 /var/www/autoinstall/lib/Cake/Routing/Dispatcher.php(167): Dispatcher->_invoke(Object(EquipementsController), Object(CakeRequest))
#8 /var/www/autoinstall/app/webroot/index.php(111): Dispatcher->dispatch(Object(CakeRequest), Object(CakeResponse))
#9 {main}
2016-02-14 16:41:50 Error: [PDOException] SQLSTATE[42S22]: Column not found: 1054 Unknown column 'Variable.equipement_id' in 'field list'
Request URL: /autoinstall/
Stack Trace:
#0 /var/www/autoinstall/lib/Cake/Model/Datasource/DboSource.php(461): PDOStatement->execute(Array)
#1 /var/www/autoinstall/lib/Cake/Model/Datasource/DboSource.php(427): DboSource->_execute('SELECT `Variabl...', Array)
#2 /var/www/autoinstall/lib/Cake/Model/Datasource/DboSource.php(669): DboSource->execute('SELECT `Variabl...', Array, Array)
#3 /var/www/autoinstall/lib/Cake/Model/Datasource/DboSource.php(1456): DboSource->fetchAll('SELECT `Variabl...', false)
#4 /var/www/autoinstall/lib/Cake/Model/Datasource/DboSource.php(1290): DboSource->_fetchHasMany(Object(Equipement), 'SELECT `Variabl...', Array)
#5 /var/www/autoinstall/lib/Cake/Model/Datasource/DboSource.php(1149): DboSource->queryAssociation(Object(Equipement), Object(Variable), 'hasMany', 'Variable', Array, Array, true, Array, 0, Array)
#6 /var/www/autoinstall/lib/Cake/Model/Model.php(3031): DboSource->read(Object(Equipement), Array)
#7 /var/www/autoinstall/lib/Cake/Model/Model.php(3003): Model->_readDataSource('all', Array)
#8 /var/www/autoinstall/app/Controller/EquipementsController.php(21): Model->find('all')
#9 [internal function]: EquipementsController->index()
#10 /var/www/autoinstall/lib/Cake/Controller/Controller.php(490): ReflectionMethod->invokeArgs(Object(EquipementsController), Array)
#11 /var/www/autoinstall/lib/Cake/Routing/Dispatcher.php(193): Controller->invokeAction(Object(CakeRequest))
#12 /var/www/autoinstall/lib/Cake/Routing/Dispatcher.php(167): Dispatcher->_invoke(Object(EquipementsController), Object(CakeRequest))
#13 /var/www/autoinstall/app/webroot/index.php(111): Dispatcher->dispatch(Object(CakeRequest), Object(CakeResponse))
#14 {main}
2016-02-14 16:58:09 Error: Fatal Error (1): Call to a member function saveMany() on a non-object in [/var/www/autoinstall/app/Controller/EquipementsController.php, line 109]
2016-02-14 16:58:09 Error: [FatalErrorException] Call to a member function saveMany() on a non-object
Request URL: /autoinstall/equipements/import
Stack Trace:
#0 /var/www/autoinstall/lib/Cake/Error/ErrorHandler.php(213): ErrorHandler::handleFatalError(1, 'Call to a membe...', '/var/www/autoin...', 109)
#1 [internal function]: ErrorHandler::handleError(1, 'Call to a membe...', '/var/www/autoin...', 109, Array)
#2 /var/www/autoinstall/lib/Cake/Core/App.php(933): call_user_func('ErrorHandler::h...', 1, 'Call to a membe...', '/var/www/autoin...', 109, Array)
#3 /var/www/autoinstall/lib/Cake/Core/App.php(906): App::_checkFatalError()
#4 [internal function]: App::shutdown()
#5 {main}
2016-02-14 17:04:15 Error: [InternalErrorException] hostname not found at line 2
Request URL: /autoinstall/equipements/import
Stack Trace:
#0 [internal function]: EquipementsController->import()
#1 /var/www/autoinstall/lib/Cake/Controller/Controller.php(490): ReflectionMethod->invokeArgs(Object(EquipementsController), Array)
#2 /var/www/autoinstall/lib/Cake/Routing/Dispatcher.php(193): Controller->invokeAction(Object(CakeRequest))
#3 /var/www/autoinstall/lib/Cake/Routing/Dispatcher.php(167): Dispatcher->_invoke(Object(EquipementsController), Object(CakeRequest))
#4 /var/www/autoinstall/app/webroot/index.php(111): Dispatcher->dispatch(Object(CakeRequest), Object(CakeResponse))
#5 {main}
2016-02-14 17:05:13 Error: [InternalErrorException] hostname not found at line 2
Request URL: /autoinstall/equipements/import
Stack Trace:
#0 [internal function]: EquipementsController->import()
#1 /var/www/autoinstall/lib/Cake/Controller/Controller.php(490): ReflectionMethod->invokeArgs(Object(EquipementsController), Array)
#2 /var/www/autoinstall/lib/Cake/Routing/Dispatcher.php(193): Controller->invokeAction(Object(CakeRequest))
#3 /var/www/autoinstall/lib/Cake/Routing/Dispatcher.php(167): Dispatcher->_invoke(Object(EquipementsController), Object(CakeRequest))
#4 /var/www/autoinstall/app/webroot/index.php(111): Dispatcher->dispatch(Object(CakeRequest), Object(CakeResponse))
#5 {main}
2016-02-14 17:06:41 Error: [InternalErrorException] Error importing
Request URL: /autoinstall/equipements/import
Stack Trace:
#0 [internal function]: EquipementsController->import()
#1 /var/www/autoinstall/lib/Cake/Controller/Controller.php(490): ReflectionMethod->invokeArgs(Object(EquipementsController), Array)
#2 /var/www/autoinstall/lib/Cake/Routing/Dispatcher.php(193): Controller->invokeAction(Object(CakeRequest))
#3 /var/www/autoinstall/lib/Cake/Routing/Dispatcher.php(167): Dispatcher->_invoke(Object(EquipementsController), Object(CakeRequest))
#4 /var/www/autoinstall/app/webroot/index.php(111): Dispatcher->dispatch(Object(CakeRequest), Object(CakeResponse))
#5 {main}
2016-02-14 17:27:34 Error: [MissingActionException] Action EquipementsController::purge() could not be found.
Exception Attributes: array (
  'controller' => 'EquipementsController',
  'action' => 'purge',
)
Request URL: /autoinstall/equipements/purge
Stack Trace:
#0 /var/www/autoinstall/lib/Cake/Routing/Dispatcher.php(193): Controller->invokeAction(Object(CakeRequest))
#1 /var/www/autoinstall/lib/Cake/Routing/Dispatcher.php(167): Dispatcher->_invoke(Object(EquipementsController), Object(CakeRequest))
#2 /var/www/autoinstall/app/webroot/index.php(111): Dispatcher->dispatch(Object(CakeRequest), Object(CakeResponse))
#3 {main}
2016-02-14 17:30:32 Error: [MissingViewException] View file "Equipements/purge.ctp" is missing.
Exception Attributes: array (
  'file' => 'Equipements/purge.ctp',
)
Request URL: /autoinstall/equipements/purge
Stack Trace:
#0 /var/www/autoinstall/lib/Cake/View/View.php(470): View->_getViewFileName(NULL)
#1 /var/www/autoinstall/lib/Cake/Controller/Controller.php(960): View->render(NULL, NULL)
#2 /var/www/autoinstall/lib/Cake/Routing/Dispatcher.php(200): Controller->render()
#3 /var/www/autoinstall/lib/Cake/Routing/Dispatcher.php(167): Dispatcher->_invoke(Object(EquipementsController), Object(CakeRequest))
#4 /var/www/autoinstall/app/webroot/index.php(111): Dispatcher->dispatch(Object(CakeRequest), Object(CakeResponse))
#5 {main}
2016-02-14 17:30:44 Error: [MissingViewException] View file "Equipements/purge.ctp" is missing.
Exception Attributes: array (
  'file' => 'Equipements/purge.ctp',
)
Request URL: /autoinstall/equipements/purge
Stack Trace:
#0 /var/www/autoinstall/lib/Cake/View/View.php(470): View->_getViewFileName(NULL)
#1 /var/www/autoinstall/lib/Cake/Controller/Controller.php(960): View->render(NULL, NULL)
#2 /var/www/autoinstall/lib/Cake/Routing/Dispatcher.php(200): Controller->render()
#3 /var/www/autoinstall/lib/Cake/Routing/Dispatcher.php(167): Dispatcher->_invoke(Object(EquipementsController), Object(CakeRequest))
#4 /var/www/autoinstall/app/webroot/index.php(111): Dispatcher->dispatch(Object(CakeRequest), Object(CakeResponse))
#5 {main}
2016-02-14 17:45:05 Error: Fatal Error (4): syntax error, unexpected ':', expecting ',' or ';' in [/var/www/autoinstall/app/View/Equipements/view.ctp, line 5]
2016-02-14 17:45:05 Error: [FatalErrorException] syntax error, unexpected ':', expecting ',' or ';'
Request URL: /autoinstall/equipements/view/729
Stack Trace:
#0 /var/www/autoinstall/lib/Cake/Error/ErrorHandler.php(213): ErrorHandler::handleFatalError(4, 'syntax error, u...', '/var/www/autoin...', 5)
#1 [internal function]: ErrorHandler::handleError(4, 'syntax error, u...', '/var/www/autoin...', 5, Array)
#2 /var/www/autoinstall/lib/Cake/Core/App.php(933): call_user_func('ErrorHandler::h...', 4, 'syntax error, u...', '/var/www/autoin...', 5, Array)
#3 /var/www/autoinstall/lib/Cake/Core/App.php(906): App::_checkFatalError()
#4 [internal function]: App::shutdown()
#5 {main}
2016-02-14 17:49:23 Error: Fatal Error (4): syntax error, unexpected '"value"' (T_CONSTANT_ENCAPSED_STRING), expecting ')' in [/var/www/autoinstall/app/Controller/EquipementsController.php, line 112]
2016-02-14 17:49:23 Error: [FatalErrorException] syntax error, unexpected '"value"' (T_CONSTANT_ENCAPSED_STRING), expecting ')'
Request URL: /autoinstall/equipements/import
Stack Trace:
#0 /var/www/autoinstall/lib/Cake/Error/ErrorHandler.php(213): ErrorHandler::handleFatalError(4, 'syntax error, u...', '/var/www/autoin...', 112)
#1 [internal function]: ErrorHandler::handleError(4, 'syntax error, u...', '/var/www/autoin...', 112, Array)
#2 /var/www/autoinstall/lib/Cake/Core/App.php(933): call_user_func('ErrorHandler::h...', 4, 'syntax error, u...', '/var/www/autoin...', 112, Array)
#3 /var/www/autoinstall/lib/Cake/Core/App.php(906): App::_checkFatalError()
#4 [internal function]: App::shutdown()
#5 {main}
2016-02-14 17:49:29 Error: Fatal Error (4): syntax error, unexpected ')' in [/var/www/autoinstall/app/Controller/EquipementsController.php, line 112]
2016-02-14 17:49:29 Error: [FatalErrorException] syntax error, unexpected ')'
Request URL: /autoinstall/equipements/import
Stack Trace:
#0 /var/www/autoinstall/lib/Cake/Error/ErrorHandler.php(213): ErrorHandler::handleFatalError(4, 'syntax error, u...', '/var/www/autoin...', 112)
#1 [internal function]: ErrorHandler::handleError(4, 'syntax error, u...', '/var/www/autoin...', 112, Array)
#2 /var/www/autoinstall/lib/Cake/Core/App.php(933): call_user_func('ErrorHandler::h...', 4, 'syntax error, u...', '/var/www/autoin...', 112, Array)
#3 /var/www/autoinstall/lib/Cake/Core/App.php(906): App::_checkFatalError()
#4 [internal function]: App::shutdown()
#5 {main}
2016-02-14 18:05:42 Error: [MissingControllerException] Controller class SrevicesController could not be found.
Exception Attributes: array (
  'class' => 'SrevicesController',
  'plugin' => NULL,
)
Request URL: /autoinstall/srevices
Stack Trace:
#0 /var/www/autoinstall/app/webroot/index.php(111): Dispatcher->dispatch(Object(CakeRequest), Object(CakeResponse))
#1 {main}
2016-02-14 18:05:57 Error: [MissingControllerException] Controller class SrevicesController could not be found.
Exception Attributes: array (
  'class' => 'SrevicesController',
  'plugin' => NULL,
)
Request URL: /autoinstall/srevices
Stack Trace:
#0 /var/www/autoinstall/app/webroot/index.php(111): Dispatcher->dispatch(Object(CakeRequest), Object(CakeResponse))
#1 {main}
2016-02-14 18:27:11 Error: [MissingActionException] Action ServicesController::generate() could not be found.
Exception Attributes: array (
  'controller' => 'ServicesController',
  'action' => 'generate',
)
Request URL: /autoinstall/services/generate
Stack Trace:
#0 /var/www/autoinstall/lib/Cake/Routing/Dispatcher.php(193): Controller->invokeAction(Object(CakeRequest))
#1 /var/www/autoinstall/lib/Cake/Routing/Dispatcher.php(167): Dispatcher->_invoke(Object(ServicesController), Object(CakeRequest))
#2 /var/www/autoinstall/app/webroot/index.php(111): Dispatcher->dispatch(Object(CakeRequest), Object(CakeResponse))
#3 {main}
2016-02-14 18:27:49 Error: Fatal Error (1): Call to a member function find() on a non-object in [/var/www/autoinstall/app/Controller/ServicesController.php, line 35]
2016-02-14 18:27:49 Error: [FatalErrorException] Call to a member function find() on a non-object
Request URL: /autoinstall/services/generate
Stack Trace:
#0 /var/www/autoinstall/lib/Cake/Error/ErrorHandler.php(213): ErrorHandler::handleFatalError(1, 'Call to a membe...', '/var/www/autoin...', 35)
#1 [internal function]: ErrorHandler::handleError(1, 'Call to a membe...', '/var/www/autoin...', 35, Array)
#2 /var/www/autoinstall/lib/Cake/Core/App.php(933): call_user_func('ErrorHandler::h...', 1, 'Call to a membe...', '/var/www/autoin...', 35, Array)
#3 /var/www/autoinstall/lib/Cake/Core/App.php(906): App::_checkFatalError()
#4 [internal function]: App::shutdown()
#5 {main}
2016-02-14 18:28:55 Error: Fatal Error (1): Call to a member function find() on a non-object in [/var/www/autoinstall/app/Controller/ServicesController.php, line 36]
2016-02-14 18:28:55 Error: [FatalErrorException] Call to a member function find() on a non-object
Request URL: /autoinstall/services/generate
Stack Trace:
#0 /var/www/autoinstall/lib/Cake/Error/ErrorHandler.php(213): ErrorHandler::handleFatalError(1, 'Call to a membe...', '/var/www/autoin...', 36)
#1 [internal function]: ErrorHandler::handleError(1, 'Call to a membe...', '/var/www/autoin...', 36, Array)
#2 /var/www/autoinstall/lib/Cake/Core/App.php(933): call_user_func('ErrorHandler::h...', 1, 'Call to a membe...', '/var/www/autoin...', 36, Array)
#3 /var/www/autoinstall/lib/Cake/Core/App.php(906): App::_checkFatalError()
#4 [internal function]: App::shutdown()
#5 {main}
2016-02-14 18:29:26 Error: Fatal Error (1): Call to a member function find() on a non-object in [/var/www/autoinstall/app/Controller/ServicesController.php, line 36]
2016-02-14 18:29:26 Error: [FatalErrorException] Call to a member function find() on a non-object
Request URL: /autoinstall/services/generate
Stack Trace:
#0 /var/www/autoinstall/lib/Cake/Error/ErrorHandler.php(213): ErrorHandler::handleFatalError(1, 'Call to a membe...', '/var/www/autoin...', 36)
#1 [internal function]: ErrorHandler::handleError(1, 'Call to a membe...', '/var/www/autoin...', 36, Array)
#2 /var/www/autoinstall/lib/Cake/Core/App.php(933): call_user_func('ErrorHandler::h...', 1, 'Call to a membe...', '/var/www/autoin...', 36, Array)
#3 /var/www/autoinstall/lib/Cake/Core/App.php(906): App::_checkFatalError()
#4 [internal function]: App::shutdown()
#5 {main}
2016-02-14 18:29:32 Error: Fatal Error (1): Call to a member function find() on a non-object in [/var/www/autoinstall/app/Controller/ServicesController.php, line 36]
2016-02-14 18:29:32 Error: [FatalErrorException] Call to a member function find() on a non-object
Request URL: /autoinstall/services/generate
Stack Trace:
#0 /var/www/autoinstall/lib/Cake/Error/ErrorHandler.php(213): ErrorHandler::handleFatalError(1, 'Call to a membe...', '/var/www/autoin...', 36)
#1 [internal function]: ErrorHandler::handleError(1, 'Call to a membe...', '/var/www/autoin...', 36, Array)
#2 /var/www/autoinstall/lib/Cake/Core/App.php(933): call_user_func('ErrorHandler::h...', 1, 'Call to a membe...', '/var/www/autoin...', 36, Array)
#3 /var/www/autoinstall/lib/Cake/Core/App.php(906): App::_checkFatalError()
#4 [internal function]: App::shutdown()
#5 {main}
2016-02-14 18:31:01 Error: [MissingViewException] View file "Services/generate.ctp" is missing.
Exception Attributes: array (
  'file' => 'Services/generate.ctp',
)
Request URL: /autoinstall/services/generate
Stack Trace:
#0 /var/www/autoinstall/lib/Cake/View/View.php(470): View->_getViewFileName(NULL)
#1 /var/www/autoinstall/lib/Cake/Controller/Controller.php(960): View->render(NULL, NULL)
#2 /var/www/autoinstall/lib/Cake/Routing/Dispatcher.php(200): Controller->render()
#3 /var/www/autoinstall/lib/Cake/Routing/Dispatcher.php(167): Dispatcher->_invoke(Object(ServicesController), Object(CakeRequest))
#4 /var/www/autoinstall/app/webroot/index.php(111): Dispatcher->dispatch(Object(CakeRequest), Object(CakeResponse))
#5 {main}
2016-02-14 18:33:08 Error: [MissingViewException] View file "Services/generate.ctp" is missing.
Exception Attributes: array (
  'file' => 'Services/generate.ctp',
)
Request URL: /autoinstall/services/generate
Stack Trace:
#0 /var/www/autoinstall/lib/Cake/View/View.php(470): View->_getViewFileName(NULL)
#1 /var/www/autoinstall/lib/Cake/Controller/Controller.php(960): View->render(NULL, NULL)
#2 /var/www/autoinstall/lib/Cake/Routing/Dispatcher.php(200): Controller->render()
#3 /var/www/autoinstall/lib/Cake/Routing/Dispatcher.php(167): Dispatcher->_invoke(Object(ServicesController), Object(CakeRequest))
#4 /var/www/autoinstall/app/webroot/index.php(111): Dispatcher->dispatch(Object(CakeRequest), Object(CakeResponse))
#5 {main}
2016-02-14 18:33:37 Error: [MissingViewException] View file "Services/generate.ctp" is missing.
Exception Attributes: array (
  'file' => 'Services/generate.ctp',
)
Request URL: /autoinstall/services/generate
Stack Trace:
#0 /var/www/autoinstall/lib/Cake/View/View.php(470): View->_getViewFileName(NULL)
#1 /var/www/autoinstall/lib/Cake/Controller/Controller.php(960): View->render(NULL, NULL)
#2 /var/www/autoinstall/lib/Cake/Routing/Dispatcher.php(200): Controller->render()
#3 /var/www/autoinstall/lib/Cake/Routing/Dispatcher.php(167): Dispatcher->_invoke(Object(ServicesController), Object(CakeRequest))
#4 /var/www/autoinstall/app/webroot/index.php(111): Dispatcher->dispatch(Object(CakeRequest), Object(CakeResponse))
#5 {main}
2016-02-14 18:36:41 Error: [MissingViewException] View file "Services/generate.ctp" is missing.
Exception Attributes: array (
  'file' => 'Services/generate.ctp',
)
Request URL: /autoinstall/services/generate
Stack Trace:
#0 /var/www/autoinstall/lib/Cake/View/View.php(470): View->_getViewFileName(NULL)
#1 /var/www/autoinstall/lib/Cake/Controller/Controller.php(960): View->render(NULL, NULL)
#2 /var/www/autoinstall/lib/Cake/Routing/Dispatcher.php(200): Controller->render()
#3 /var/www/autoinstall/lib/Cake/Routing/Dispatcher.php(167): Dispatcher->_invoke(Object(ServicesController), Object(CakeRequest))
#4 /var/www/autoinstall/app/webroot/index.php(111): Dispatcher->dispatch(Object(CakeRequest), Object(CakeResponse))
#5 {main}
2016-02-14 18:36:51 Error: [MissingViewException] View file "Services/generate.ctp" is missing.
Exception Attributes: array (
  'file' => 'Services/generate.ctp',
)
Request URL: /autoinstall/services/generate
Stack Trace:
#0 /var/www/autoinstall/lib/Cake/View/View.php(470): View->_getViewFileName(NULL)
#1 /var/www/autoinstall/lib/Cake/Controller/Controller.php(960): View->render(NULL, NULL)
#2 /var/www/autoinstall/lib/Cake/Routing/Dispatcher.php(200): Controller->render()
#3 /var/www/autoinstall/lib/Cake/Routing/Dispatcher.php(167): Dispatcher->_invoke(Object(ServicesController), Object(CakeRequest))
#4 /var/www/autoinstall/app/webroot/index.php(111): Dispatcher->dispatch(Object(CakeRequest), Object(CakeResponse))
#5 {main}
2016-02-14 18:41:53 Error: [MissingViewException] View file "Services/generate.ctp" is missing.
Exception Attributes: array (
  'file' => 'Services/generate.ctp',
)
Request URL: /autoinstall/services/generate
Stack Trace:
#0 /var/www/autoinstall/lib/Cake/View/View.php(470): View->_getViewFileName(NULL)
#1 /var/www/autoinstall/lib/Cake/Controller/Controller.php(960): View->render(NULL, NULL)
#2 /var/www/autoinstall/lib/Cake/Routing/Dispatcher.php(200): Controller->render()
#3 /var/www/autoinstall/lib/Cake/Routing/Dispatcher.php(167): Dispatcher->_invoke(Object(ServicesController), Object(CakeRequest))
#4 /var/www/autoinstall/app/webroot/index.php(111): Dispatcher->dispatch(Object(CakeRequest), Object(CakeResponse))
#5 {main}
2016-02-14 18:42:28 Error: [MissingViewException] View file "Services/generate.ctp" is missing.
Exception Attributes: array (
  'file' => 'Services/generate.ctp',
)
Request URL: /autoinstall/services/generate
Stack Trace:
#0 /var/www/autoinstall/lib/Cake/View/View.php(470): View->_getViewFileName(NULL)
#1 /var/www/autoinstall/lib/Cake/Controller/Controller.php(960): View->render(NULL, NULL)
#2 /var/www/autoinstall/lib/Cake/Routing/Dispatcher.php(200): Controller->render()
#3 /var/www/autoinstall/lib/Cake/Routing/Dispatcher.php(167): Dispatcher->_invoke(Object(ServicesController), Object(CakeRequest))
#4 /var/www/autoinstall/app/webroot/index.php(111): Dispatcher->dispatch(Object(CakeRequest), Object(CakeResponse))
#5 {main}
2016-02-14 18:42:41 Error: [MissingViewException] View file "Services/generate.ctp" is missing.
Exception Attributes: array (
  'file' => 'Services/generate.ctp',
)
Request URL: /autoinstall/services/generate
Stack Trace:
#0 /var/www/autoinstall/lib/Cake/View/View.php(470): View->_getViewFileName(NULL)
#1 /var/www/autoinstall/lib/Cake/Controller/Controller.php(960): View->render(NULL, NULL)
#2 /var/www/autoinstall/lib/Cake/Routing/Dispatcher.php(200): Controller->render()
#3 /var/www/autoinstall/lib/Cake/Routing/Dispatcher.php(167): Dispatcher->_invoke(Object(ServicesController), Object(CakeRequest))
#4 /var/www/autoinstall/app/webroot/index.php(111): Dispatcher->dispatch(Object(CakeRequest), Object(CakeResponse))
#5 {main}
2016-02-14 18:42:48 Error: [MissingViewException] View file "Services/generate.ctp" is missing.
Exception Attributes: array (
  'file' => 'Services/generate.ctp',
)
Request URL: /autoinstall/services/generate
Stack Trace:
#0 /var/www/autoinstall/lib/Cake/View/View.php(470): View->_getViewFileName(NULL)
#1 /var/www/autoinstall/lib/Cake/Controller/Controller.php(960): View->render(NULL, NULL)
#2 /var/www/autoinstall/lib/Cake/Routing/Dispatcher.php(200): Controller->render()
#3 /var/www/autoinstall/lib/Cake/Routing/Dispatcher.php(167): Dispatcher->_invoke(Object(ServicesController), Object(CakeRequest))
#4 /var/www/autoinstall/app/webroot/index.php(111): Dispatcher->dispatch(Object(CakeRequest), Object(CakeResponse))
#5 {main}
2016-02-14 18:43:47 Error: [MissingViewException] View file "Services/generate.ctp" is missing.
Exception Attributes: array (
  'file' => 'Services/generate.ctp',
)
Request URL: /autoinstall/services/generate
Stack Trace:
#0 /var/www/autoinstall/lib/Cake/View/View.php(470): View->_getViewFileName(NULL)
#1 /var/www/autoinstall/lib/Cake/Controller/Controller.php(960): View->render(NULL, NULL)
#2 /var/www/autoinstall/lib/Cake/Routing/Dispatcher.php(200): Controller->render()
#3 /var/www/autoinstall/lib/Cake/Routing/Dispatcher.php(167): Dispatcher->_invoke(Object(ServicesController), Object(CakeRequest))
#4 /var/www/autoinstall/app/webroot/index.php(111): Dispatcher->dispatch(Object(CakeRequest), Object(CakeResponse))
#5 {main}
2016-02-14 21:24:32 Error: [MissingViewException] View file "Services/generatetftp.ctp" is missing.
Exception Attributes: array (
  'file' => 'Services/generatetftp.ctp',
)
Request URL: /autoinstall/services/generatetftp
Stack Trace:
#0 /var/www/autoinstall/lib/Cake/View/View.php(470): View->_getViewFileName(NULL)
#1 /var/www/autoinstall/lib/Cake/Controller/Controller.php(960): View->render(NULL, NULL)
#2 /var/www/autoinstall/lib/Cake/Routing/Dispatcher.php(200): Controller->render()
#3 /var/www/autoinstall/lib/Cake/Routing/Dispatcher.php(167): Dispatcher->_invoke(Object(ServicesController), Object(CakeRequest))
#4 /var/www/autoinstall/app/webroot/index.php(111): Dispatcher->dispatch(Object(CakeRequest), Object(CakeResponse))
#5 {main}
2016-02-14 21:37:47 Error: [MissingViewException] View file "Services/generatetftp.ctp" is missing.
Exception Attributes: array (
  'file' => 'Services/generatetftp.ctp',
)
Request URL: /autoinstall/services/generatetftp
Stack Trace:
#0 /var/www/autoinstall/lib/Cake/View/View.php(470): View->_getViewFileName(NULL)
#1 /var/www/autoinstall/lib/Cake/Controller/Controller.php(960): View->render(NULL, NULL)
#2 /var/www/autoinstall/lib/Cake/Routing/Dispatcher.php(200): Controller->render()
#3 /var/www/autoinstall/lib/Cake/Routing/Dispatcher.php(167): Dispatcher->_invoke(Object(ServicesController), Object(CakeRequest))
#4 /var/www/autoinstall/app/webroot/index.php(111): Dispatcher->dispatch(Object(CakeRequest), Object(CakeResponse))
#5 {main}
2016-02-14 21:38:09 Error: [MissingViewException] View file "Services/generatetftp.ctp" is missing.
Exception Attributes: array (
  'file' => 'Services/generatetftp.ctp',
)
Request URL: /autoinstall/services/generatetftp
Stack Trace:
#0 /var/www/autoinstall/lib/Cake/View/View.php(470): View->_getViewFileName(NULL)
#1 /var/www/autoinstall/lib/Cake/Controller/Controller.php(960): View->render(NULL, NULL)
#2 /var/www/autoinstall/lib/Cake/Routing/Dispatcher.php(200): Controller->render()
#3 /var/www/autoinstall/lib/Cake/Routing/Dispatcher.php(167): Dispatcher->_invoke(Object(ServicesController), Object(CakeRequest))
#4 /var/www/autoinstall/app/webroot/index.php(111): Dispatcher->dispatch(Object(CakeRequest), Object(CakeResponse))
#5 {main}
2016-02-14 21:39:39 Error: [MissingViewException] View file "Services/generatetftp.ctp" is missing.
Exception Attributes: array (
  'file' => 'Services/generatetftp.ctp',
)
Request URL: /autoinstall/services/generatetftp
Stack Trace:
#0 /var/www/autoinstall/lib/Cake/View/View.php(470): View->_getViewFileName(NULL)
#1 /var/www/autoinstall/lib/Cake/Controller/Controller.php(960): View->render(NULL, NULL)
#2 /var/www/autoinstall/lib/Cake/Routing/Dispatcher.php(200): Controller->render()
#3 /var/www/autoinstall/lib/Cake/Routing/Dispatcher.php(167): Dispatcher->_invoke(Object(ServicesController), Object(CakeRequest))
#4 /var/www/autoinstall/app/webroot/index.php(111): Dispatcher->dispatch(Object(CakeRequest), Object(CakeResponse))
#5 {main}
2016-02-14 21:40:57 Error: [MissingViewException] View file "Services/generatetftp.ctp" is missing.
Exception Attributes: array (
  'file' => 'Services/generatetftp.ctp',
)
Request URL: /autoinstall/services/generatetftp
Stack Trace:
#0 /var/www/autoinstall/lib/Cake/View/View.php(470): View->_getViewFileName(NULL)
#1 /var/www/autoinstall/lib/Cake/Controller/Controller.php(960): View->render(NULL, NULL)
#2 /var/www/autoinstall/lib/Cake/Routing/Dispatcher.php(200): Controller->render()
#3 /var/www/autoinstall/lib/Cake/Routing/Dispatcher.php(167): Dispatcher->_invoke(Object(ServicesController), Object(CakeRequest))
#4 /var/www/autoinstall/app/webroot/index.php(111): Dispatcher->dispatch(Object(CakeRequest), Object(CakeResponse))
#5 {main}
2016-02-14 21:45:25 Error: [MissingViewException] View file "Services/generatetftp.ctp" is missing.
Exception Attributes: array (
  'file' => 'Services/generatetftp.ctp',
)
Request URL: /autoinstall/services/generatetftp
Stack Trace:
#0 /var/www/autoinstall/lib/Cake/View/View.php(470): View->_getViewFileName(NULL)
#1 /var/www/autoinstall/lib/Cake/Controller/Controller.php(960): View->render(NULL, NULL)
#2 /var/www/autoinstall/lib/Cake/Routing/Dispatcher.php(200): Controller->render()
#3 /var/www/autoinstall/lib/Cake/Routing/Dispatcher.php(167): Dispatcher->_invoke(Object(ServicesController), Object(CakeRequest))
#4 /var/www/autoinstall/app/webroot/index.php(111): Dispatcher->dispatch(Object(CakeRequest), Object(CakeResponse))
#5 {main}
2016-02-14 21:45:43 Error: [MissingViewException] View file "Services/generatetftp.ctp" is missing.
Exception Attributes: array (
  'file' => 'Services/generatetftp.ctp',
)
Request URL: /autoinstall/services/generatetftp
Stack Trace:
#0 /var/www/autoinstall/lib/Cake/View/View.php(470): View->_getViewFileName(NULL)
#1 /var/www/autoinstall/lib/Cake/Controller/Controller.php(960): View->render(NULL, NULL)
#2 /var/www/autoinstall/lib/Cake/Routing/Dispatcher.php(200): Controller->render()
#3 /var/www/autoinstall/lib/Cake/Routing/Dispatcher.php(167): Dispatcher->_invoke(Object(ServicesController), Object(CakeRequest))
#4 /var/www/autoinstall/app/webroot/index.php(111): Dispatcher->dispatch(Object(CakeRequest), Object(CakeResponse))
#5 {main}
2016-02-14 22:01:27 Error: [MissingViewException] View file "Services/generatetftp.ctp" is missing.
Exception Attributes: array (
  'file' => 'Services/generatetftp.ctp',
)
Request URL: /autoinstall/services/generatetftp
Stack Trace:
#0 /var/www/autoinstall/lib/Cake/View/View.php(470): View->_getViewFileName(NULL)
#1 /var/www/autoinstall/lib/Cake/Controller/Controller.php(960): View->render(NULL, NULL)
#2 /var/www/autoinstall/lib/Cake/Routing/Dispatcher.php(200): Controller->render()
#3 /var/www/autoinstall/lib/Cake/Routing/Dispatcher.php(167): Dispatcher->_invoke(Object(ServicesController), Object(CakeRequest))
#4 /var/www/autoinstall/app/webroot/index.php(111): Dispatcher->dispatch(Object(CakeRequest), Object(CakeResponse))
#5 {main}
2016-02-14 22:22:15 Error: [MissingViewException] View file "Services/generatetftp.ctp" is missing.
Exception Attributes: array (
  'file' => 'Services/generatetftp.ctp',
)
Request URL: /autoinstall/services/generatetftp
Stack Trace:
#0 /var/www/autoinstall/lib/Cake/View/View.php(470): View->_getViewFileName(NULL)
#1 /var/www/autoinstall/lib/Cake/Controller/Controller.php(960): View->render(NULL, NULL)
#2 /var/www/autoinstall/lib/Cake/Routing/Dispatcher.php(200): Controller->render()
#3 /var/www/autoinstall/lib/Cake/Routing/Dispatcher.php(167): Dispatcher->_invoke(Object(ServicesController), Object(CakeRequest))
#4 /var/www/autoinstall/app/webroot/index.php(111): Dispatcher->dispatch(Object(CakeRequest), Object(CakeResponse))
#5 {main}
2016-02-14 22:24:02 Error: [MissingViewException] View file "Templates/index.ctp" is missing.
Exception Attributes: array (
  'file' => 'Templates/index.ctp',
)
Request URL: /autoinstall/templates
Stack Trace:
#0 /var/www/autoinstall/lib/Cake/View/View.php(470): View->_getViewFileName(NULL)
#1 /var/www/autoinstall/lib/Cake/Controller/Controller.php(960): View->render(NULL, NULL)
#2 /var/www/autoinstall/lib/Cake/Routing/Dispatcher.php(200): Controller->render()
#3 /var/www/autoinstall/lib/Cake/Routing/Dispatcher.php(167): Dispatcher->_invoke(Object(TemplatesController), Object(CakeRequest))
#4 /var/www/autoinstall/app/webroot/index.php(111): Dispatcher->dispatch(Object(CakeRequest), Object(CakeResponse))
#5 {main}
2016-02-14 22:24:24 Error: [MissingViewException] View file "Templates/index.ctp" is missing.
Exception Attributes: array (
  'file' => 'Templates/index.ctp',
)
Request URL: /autoinstall/templates
Stack Trace:
#0 /var/www/autoinstall/lib/Cake/View/View.php(470): View->_getViewFileName(NULL)
#1 /var/www/autoinstall/lib/Cake/Controller/Controller.php(960): View->render(NULL, NULL)
#2 /var/www/autoinstall/lib/Cake/Routing/Dispatcher.php(200): Controller->render()
#3 /var/www/autoinstall/lib/Cake/Routing/Dispatcher.php(167): Dispatcher->_invoke(Object(TemplatesController), Object(CakeRequest))
#4 /var/www/autoinstall/app/webroot/index.php(111): Dispatcher->dispatch(Object(CakeRequest), Object(CakeResponse))
#5 {main}
2016-02-14 22:24:26 Error: [MissingViewException] View file "Templates/index.ctp" is missing.
Exception Attributes: array (
  'file' => 'Templates/index.ctp',
)
Request URL: /autoinstall/templates
Stack Trace:
#0 /var/www/autoinstall/lib/Cake/View/View.php(470): View->_getViewFileName(NULL)
#1 /var/www/autoinstall/lib/Cake/Controller/Controller.php(960): View->render(NULL, NULL)
#2 /var/www/autoinstall/lib/Cake/Routing/Dispatcher.php(200): Controller->render()
#3 /var/www/autoinstall/lib/Cake/Routing/Dispatcher.php(167): Dispatcher->_invoke(Object(TemplatesController), Object(CakeRequest))
#4 /var/www/autoinstall/app/webroot/index.php(111): Dispatcher->dispatch(Object(CakeRequest), Object(CakeResponse))
#5 {main}
2016-02-14 22:30:17 Error: [MissingActionException] Action TemplatesController::edit() could not be found.
Exception Attributes: array (
  'controller' => 'TemplatesController',
  'action' => 'edit',
)
Request URL: /autoinstall/templates/edit
Stack Trace:
#0 /var/www/autoinstall/lib/Cake/Routing/Dispatcher.php(193): Controller->invokeAction(Object(CakeRequest))
#1 /var/www/autoinstall/lib/Cake/Routing/Dispatcher.php(167): Dispatcher->_invoke(Object(TemplatesController), Object(CakeRequest))
#2 /var/www/autoinstall/app/webroot/index.php(111): Dispatcher->dispatch(Object(CakeRequest), Object(CakeResponse))
#3 {main}
2016-02-14 22:30:33 Error: [MissingActionException] Action TemplatesController::edit() could not be found.
Exception Attributes: array (
  'controller' => 'TemplatesController',
  'action' => 'edit',
)
Request URL: /autoinstall/templates/edit/C3850-C3650_2T-Uplink.conf
Stack Trace:
#0 /var/www/autoinstall/lib/Cake/Routing/Dispatcher.php(193): Controller->invokeAction(Object(CakeRequest))
#1 /var/www/autoinstall/lib/Cake/Routing/Dispatcher.php(167): Dispatcher->_invoke(Object(TemplatesController), Object(CakeRequest))
#2 /var/www/autoinstall/app/webroot/index.php(111): Dispatcher->dispatch(Object(CakeRequest), Object(CakeResponse))
#3 {main}
2016-02-14 22:32:53 Error: [NotFoundException] C3850-C3650_T-Uplink.conf not found
Request URL: /autoinstall/templates/edit/C3850-C3650_T-Uplink.conf
Stack Trace:
#0 [internal function]: TemplatesController->edit('C3850-C3650_T-U...')
#1 /var/www/autoinstall/lib/Cake/Controller/Controller.php(490): ReflectionMethod->invokeArgs(Object(TemplatesController), Array)
#2 /var/www/autoinstall/lib/Cake/Routing/Dispatcher.php(193): Controller->invokeAction(Object(CakeRequest))
#3 /var/www/autoinstall/lib/Cake/Routing/Dispatcher.php(167): Dispatcher->_invoke(Object(TemplatesController), Object(CakeRequest))
#4 /var/www/autoinstall/app/webroot/index.php(111): Dispatcher->dispatch(Object(CakeRequest), Object(CakeResponse))
#5 {main}
2016-02-14 22:33:09 Error: [NotFoundException] C3850-C3650_2T-Uplink.conf not found
Request URL: /autoinstall/templates/edit/C3850-C3650_2T-Uplink.conf
Stack Trace:
#0 [internal function]: TemplatesController->edit('C3850-C3650_2T-...')
#1 /var/www/autoinstall/lib/Cake/Controller/Controller.php(490): ReflectionMethod->invokeArgs(Object(TemplatesController), Array)
#2 /var/www/autoinstall/lib/Cake/Routing/Dispatcher.php(193): Controller->invokeAction(Object(CakeRequest))
#3 /var/www/autoinstall/lib/Cake/Routing/Dispatcher.php(167): Dispatcher->_invoke(Object(TemplatesController), Object(CakeRequest))
#4 /var/www/autoinstall/app/webroot/index.php(111): Dispatcher->dispatch(Object(CakeRequest), Object(CakeResponse))
#5 {main}
2016-02-14 22:33:18 Error: [NotFoundException] /var/www/autoinstall/app/webroot/documents/C3850-C3650_2T-Uplink.conf.conf not found
Request URL: /autoinstall/templates/edit/C3850-C3650_2T-Uplink.conf
Stack Trace:
#0 [internal function]: TemplatesController->edit('C3850-C3650_2T-...')
#1 /var/www/autoinstall/lib/Cake/Controller/Controller.php(490): ReflectionMethod->invokeArgs(Object(TemplatesController), Array)
#2 /var/www/autoinstall/lib/Cake/Routing/Dispatcher.php(193): Controller->invokeAction(Object(CakeRequest))
#3 /var/www/autoinstall/lib/Cake/Routing/Dispatcher.php(167): Dispatcher->_invoke(Object(TemplatesController), Object(CakeRequest))
#4 /var/www/autoinstall/app/webroot/index.php(111): Dispatcher->dispatch(Object(CakeRequest), Object(CakeResponse))
#5 {main}
2016-02-14 22:33:27 Error: [MissingViewException] View file "Templates/edit.ctp" is missing.
Exception Attributes: array (
  'file' => 'Templates/edit.ctp',
)
Request URL: /autoinstall/templates/edit/C3850-C3650_2T-Uplink.conf
Stack Trace:
#0 /var/www/autoinstall/lib/Cake/View/View.php(470): View->_getViewFileName(NULL)
#1 /var/www/autoinstall/lib/Cake/Controller/Controller.php(960): View->render(NULL, NULL)
#2 /var/www/autoinstall/lib/Cake/Routing/Dispatcher.php(200): Controller->render()
#3 /var/www/autoinstall/lib/Cake/Routing/Dispatcher.php(167): Dispatcher->_invoke(Object(TemplatesController), Object(CakeRequest))
#4 /var/www/autoinstall/app/webroot/index.php(111): Dispatcher->dispatch(Object(CakeRequest), Object(CakeResponse))
#5 {main}
2016-02-14 22:34:00 Error: [MissingViewException] View file "Templates/edit.ctp" is missing.
Exception Attributes: array (
  'file' => 'Templates/edit.ctp',
)
Request URL: /autoinstall/templates/edit/C3850-C3650_2T-Uplink.conf
Stack Trace:
#0 /var/www/autoinstall/lib/Cake/View/View.php(470): View->_getViewFileName(NULL)
#1 /var/www/autoinstall/lib/Cake/Controller/Controller.php(960): View->render(NULL, NULL)
#2 /var/www/autoinstall/lib/Cake/Routing/Dispatcher.php(200): Controller->render()
#3 /var/www/autoinstall/lib/Cake/Routing/Dispatcher.php(167): Dispatcher->_invoke(Object(TemplatesController), Object(CakeRequest))
#4 /var/www/autoinstall/app/webroot/index.php(111): Dispatcher->dispatch(Object(CakeRequest), Object(CakeResponse))
#5 {main}
2016-02-14 22:34:55 Error: [MissingTableException] Table templates for model Template was not found in datasource default.
Exception Attributes: array (
  'table' => 'templates',
  'class' => 'Template',
  'ds' => 'default',
)
Request URL: /autoinstall/templates/edit/C3850-C3650_2T-Uplink.conf
Stack Trace:
#0 /var/www/autoinstall/lib/Cake/Model/Model.php(3653): Model->setSource('templates')
#1 /var/www/autoinstall/lib/Cake/Model/Model.php(1387): Model->getDataSource()
#2 /var/www/autoinstall/lib/Cake/View/Helper/FormHelper.php(215): Model->schema()
#3 /var/www/autoinstall/lib/Cake/View/Helper/FormHelper.php(468): FormHelper->_introspectModel('Template', 'fields')
#4 /var/www/autoinstall/app/View/Templates/edit.ctp(3): FormHelper->create('Template')
#5 /var/www/autoinstall/lib/Cake/View/View.php(971): include('/var/www/autoin...')
#6 /var/www/autoinstall/lib/Cake/View/View.php(933): View->_evaluate('/var/www/autoin...', Array)
#7 /var/www/autoinstall/lib/Cake/View/View.php(473): View->_render('/var/www/autoin...')
#8 /var/www/autoinstall/lib/Cake/Controller/Controller.php(960): View->render(NULL, NULL)
#9 /var/www/autoinstall/lib/Cake/Routing/Dispatcher.php(200): Controller->render()
#10 /var/www/autoinstall/lib/Cake/Routing/Dispatcher.php(167): Dispatcher->_invoke(Object(TemplatesController), Object(CakeRequest))
#11 /var/www/autoinstall/app/webroot/index.php(111): Dispatcher->dispatch(Object(CakeRequest), Object(CakeResponse))
#12 {main}
2016-02-14 22:35:05 Error: [MissingTableException] Table templates for model Template was not found in datasource default.
Exception Attributes: array (
  'table' => 'templates',
  'class' => 'Template',
  'ds' => 'default',
)
Request URL: /autoinstall/templates/edit/C3850-C3650_2T-Uplink.conf
Stack Trace:
#0 /var/www/autoinstall/lib/Cake/Model/Model.php(3653): Model->setSource('templates')
#1 /var/www/autoinstall/lib/Cake/Model/Model.php(1387): Model->getDataSource()
#2 /var/www/autoinstall/lib/Cake/View/Helper/FormHelper.php(215): Model->schema()
#3 /var/www/autoinstall/lib/Cake/View/Helper/FormHelper.php(468): FormHelper->_introspectModel('Template', 'fields')
#4 /var/www/autoinstall/app/View/Templates/edit.ctp(3): FormHelper->create()
#5 /var/www/autoinstall/lib/Cake/View/View.php(971): include('/var/www/autoin...')
#6 /var/www/autoinstall/lib/Cake/View/View.php(933): View->_evaluate('/var/www/autoin...', Array)
#7 /var/www/autoinstall/lib/Cake/View/View.php(473): View->_render('/var/www/autoin...')
#8 /var/www/autoinstall/lib/Cake/Controller/Controller.php(960): View->render(NULL, NULL)
#9 /var/www/autoinstall/lib/Cake/Routing/Dispatcher.php(200): Controller->render()
#10 /var/www/autoinstall/lib/Cake/Routing/Dispatcher.php(167): Dispatcher->_invoke(Object(TemplatesController), Object(CakeRequest))
#11 /var/www/autoinstall/app/webroot/index.php(111): Dispatcher->dispatch(Object(CakeRequest), Object(CakeResponse))
#12 {main}
2016-02-14 22:52:02 Error: [NotFoundException] /var/www/autoinstall/app/webroot/documents/C3850-C3650_2T-Uplink.conf not found
Request URL: /autoinstall/templates/edit/C3850-C3650_2T-Uplink.conf
Stack Trace:
#0 [internal function]: TemplatesController->edit('C3850-C3650_2T-...')
#1 /var/www/autoinstall/lib/Cake/Controller/Controller.php(490): ReflectionMethod->invokeArgs(Object(TemplatesController), Array)
#2 /var/www/autoinstall/lib/Cake/Routing/Dispatcher.php(193): Controller->invokeAction(Object(CakeRequest))
#3 /var/www/autoinstall/lib/Cake/Routing/Dispatcher.php(167): Dispatcher->_invoke(Object(TemplatesController), Object(CakeRequest))
#4 /var/www/autoinstall/app/webroot/index.php(111): Dispatcher->dispatch(Object(CakeRequest), Object(CakeResponse))
#5 {main}
2016-02-14 22:53:58 Error: [MissingActionException] Action TemplatesController::add() could not be found.
Exception Attributes: array (
  'controller' => 'TemplatesController',
  'action' => 'add',
)
Request URL: /autoinstall/templates/add/C3850-C3650_2T-Uplink.conf
Stack Trace:
#0 /var/www/autoinstall/lib/Cake/Routing/Dispatcher.php(193): Controller->invokeAction(Object(CakeRequest))
#1 /var/www/autoinstall/lib/Cake/Routing/Dispatcher.php(167): Dispatcher->_invoke(Object(TemplatesController), Object(CakeRequest))
#2 /var/www/autoinstall/app/webroot/index.php(111): Dispatcher->dispatch(Object(CakeRequest), Object(CakeResponse))
#3 {main}
